<?xml version="1.0" encoding="UTF-8"?>
<!-- Generated by org.testng.reporters.JUnitReportReporter -->
<testsuite hostname="LAPTOP-QUPBKNUO" failures="0" tests="1" name="com.assignment.test.endToEndScenarios.EndToEndTestCase" time="3.750" errors="0" timestamp="12 Sep 2020 08:37:59 GMT" skipped="0">
  <testcase classname="com.assignment.test.endToEndScenarios.EndToEndTestCase" name="testPhase1" time="3.750"/>
</testsuite> <!-- com.assignment.test.endToEndScenarios.EndToEndTestCase -->
