<?xml version="1.0" encoding="UTF-8"?>
<!-- Generated by org.testng.reporters.JUnitReportReporter -->
<testsuite hostname="LAPTOP-QUPBKNUO" failures="0" tests="1" name="com.assignment.test.endToEndScenarios.EndToEndTestCase" time="4.168" errors="0" timestamp="13 Sep 2020 07:03:23 GMT" skipped="0">
  <testcase classname="com.assignment.test.endToEndScenarios.EndToEndTestCase" name="testPhase3" time="4.168"/>
</testsuite> <!-- com.assignment.test.endToEndScenarios.EndToEndTestCase -->
