<?xml version="1.0" encoding="UTF-8"?>
<!-- Generated by org.testng.reporters.JUnitReportReporter -->
<testsuite hostname="LAPTOP-QUPBKNUO" failures="0" tests="3" name="com.assignment.test.endToEndScenarios.EndToEndTestCase" time="20.815" errors="0" timestamp="13 Sep 2020 09:57:47 GMT" skipped="0">
  <testcase classname="com.assignment.test.endToEndScenarios.EndToEndTestCase" name="testPhase1" time="15.725"/>
  <testcase classname="com.assignment.test.endToEndScenarios.EndToEndTestCase" name="testPhase2" time="1.681"/>
  <testcase classname="com.assignment.test.endToEndScenarios.EndToEndTestCase" name="testPhase3" time="3.409"/>
</testsuite> <!-- com.assignment.test.endToEndScenarios.EndToEndTestCase -->
