<?xml version="1.0" encoding="UTF-8"?>
<!-- Generated by org.testng.reporters.JUnitReportReporter -->
<testsuite hostname="LAPTOP-QUPBKNUO" failures="0" tests="3" name="com.assignment.test.endToEndScenarios.EndToEndTestCase" time="24.565" errors="0" timestamp="2020-09-13T20:27:42 IST" skipped="0">
  <testcase classname="com.assignment.test.endToEndScenarios.EndToEndTestCase" name="temperatureFromUIScenario" time="16.126"/>
  <testcase classname="com.assignment.test.endToEndScenarios.EndToEndTestCase" name="temperatureFromAPIScenarios" time="4.345"/>
  <testcase classname="com.assignment.test.endToEndScenarios.EndToEndTestCase" name="temperatureComparisionUiAndApi" time="4.094"/>
</testsuite> <!-- com.assignment.test.endToEndScenarios.EndToEndTestCase -->
