<?xml version="1.0" encoding="UTF-8"?>
<!-- Generated by org.testng.reporters.JUnitReportReporter -->
<testsuite hostname="LAPTOP-QUPBKNUO" failures="0" tests="3" name="com.assignment.test.endToEndScenarios.EndToEndTestCase" time="21.933" errors="0" timestamp="13 Sep 2020 10:05:30 GMT" skipped="0">
  <testcase classname="com.assignment.test.endToEndScenarios.EndToEndTestCase" name="testPhase1" time="16.869"/>
  <testcase classname="com.assignment.test.endToEndScenarios.EndToEndTestCase" name="testPhase2" time="1.699"/>
  <testcase classname="com.assignment.test.endToEndScenarios.EndToEndTestCase" name="testPhase3" time="3.365"/>
</testsuite> <!-- com.assignment.test.endToEndScenarios.EndToEndTestCase -->
