<?xml version="1.0" encoding="UTF-8"?>
<!-- Generated by org.testng.reporters.JUnitReportReporter -->
<testsuite hostname="LAPTOP-QUPBKNUO" failures="0" tests="3" name="com.assignment.test.endToEndScenarios.EndToEndTestCase" time="22.781" errors="0" timestamp="2020-09-13T18:06:47 IST" skipped="0">
  <testcase classname="com.assignment.test.endToEndScenarios.EndToEndTestCase" name="readTemperatureFromUI" time="17.510"/>
  <testcase classname="com.assignment.test.endToEndScenarios.EndToEndTestCase" name="readTemperatureFromAPI" time="1.865"/>
  <testcase classname="com.assignment.test.endToEndScenarios.EndToEndTestCase" name="temperatureComparisionUiAndApi" time="3.406"/>
</testsuite> <!-- com.assignment.test.endToEndScenarios.EndToEndTestCase -->
